<?xml version="1.0" encoding="UTF-8"?>
<!-- Generated by org.testng.reporters.JUnitReportReporter -->
<testsuite hostname="Rawindra" failures="0" tests="1" name="Way2CreateRequestBody.CreateRequestBody" time="6.434" errors="0" timestamp="2024-08-29T13:13:30 IST" skipped="0">
  <testcase classname="Way2CreateRequestBody.CreateRequestBody" name="usingHashMap" time="6.434"/>
</testsuite> <!-- Way2CreateRequestBody.CreateRequestBody -->
