<?xml version="1.0" encoding="UTF-8"?>
<!-- Generated by org.testng.reporters.JUnitReportReporter -->
<testsuite hostname="Rawindra" failures="0" tests="4" name="RestApi.HttpsRequest" time="7.759" errors="0" timestamp="2024-08-25T20:04:41 IST" skipped="0">
  <testcase classname="RestApi.HttpsRequest" name="getUser" time="4.317"/>
  <testcase classname="RestApi.HttpsRequest" name="createUser" time="1.466"/>
  <testcase classname="RestApi.HttpsRequest" name="updateUser" time="1.282"/>
  <testcase classname="RestApi.HttpsRequest" name="deleteUser" time="0.694"/>
</testsuite> <!-- RestApi.HttpsRequest -->
