<?xml version="1.0" encoding="UTF-8"?>
<!-- Generated by org.testng.reporters.JUnitReportReporter -->
<testsuite hostname="Rawindra" failures="0" tests="4" name="CurdOp.HttpsRequest" time="8.588" errors="0" timestamp="2024-08-26T15:57:42 IST" skipped="0">
  <testcase classname="CurdOp.HttpsRequest" name="getUser" time="5.211"/>
  <testcase classname="CurdOp.HttpsRequest" name="createUser" time="2.011"/>
  <testcase classname="CurdOp.HttpsRequest" name="updateUser" time="0.644"/>
  <testcase classname="CurdOp.HttpsRequest" name="deleteUser" time="0.722"/>
</testsuite> <!-- CurdOp.HttpsRequest -->
